<?xml version="1.0" encoding="UTF-8"?>
<testng-results skipped="0" failed="0" ignored="0" total="1" passed="1">
  <reporter-output>
  </reporter-output>
  <suite name="Default suite" duration-ms="3166" started-at="2020-08-05T19:47:04 PDT" finished-at="2020-08-05T19:47:07 PDT">
    <groups>
    </groups>
    <test name="Default test" duration-ms="3166" started-at="2020-08-05T19:47:04 PDT" finished-at="2020-08-05T19:47:07 PDT">
      <class name="TestCases">
        <test-method status="PASS" signature="get_data()[pri:0, instance:TestCases@458c1321]" name="get_data" duration-ms="3110" started-at="2020-08-05T19:47:04 PDT" finished-at="2020-08-05T19:47:07 PDT">
          <reporter-output>
          </reporter-output>
        </test-method> <!-- get_data -->
      </class> <!-- TestCases -->
    </test> <!-- Default test -->
  </suite> <!-- Default suite -->
</testng-results>
